13/05/28-22:58,100
13/05/28-22:59,200
13/05/28-23:01,300
13/05/28-23:02,400
13/05/28-23:03,500
13/05/28-23:04,600
13/05/28-23:05,700
13/05/28-23:22,855
13/05/28-23:23,855
13/05/28-23:24,855
13/05/28-23:25,817
13/05/28-23:28,851
13/05/28-23:29,500
13/05/28-23:30,500
13/05/28-23:31,600
13/05/28-23:32,700
13/05/28-23:33,850
13/05/28-23:34,850
13/05/28-23:35,850
13/05/28-23:36,850
13/05/28-23:37,850
13/05/28-23:38,1000
13/05/28-22:58,100
13/05/28-22:58,100
13/05/28-22:58,100
13/05/28-22:59,200
13/05/28-23:01,300
13/05/28-23:02,400
13/05/28-23:03,500
13/05/28-23:04,600
13/05/28-23:05,700
13/05/28-23:22,855
13/05/28-23:23,855
13/05/28-23:24,855
13/05/28-23:25,817
13/05/28-23:28,851
13/05/28-23:29,500
13/05/28-23:30,500
13/05/28-23:31,600
13/05/28-23:32,700
13/05/28-23:33,850
13/05/28-23:34,850
13/05/28-23:35,850
13/05/28-23:36,850
13/05/28-23:37,850
13/05/28-23:38,1000
13/05/28-23:38,1000
13/05/28-23:38,1000
13/05/28-23:38,1000
13/05/28-23:38,1000
13/05/28-22:59,200
13/05/28-23:01,300
13/05/28-23:02,400
13/05/28-23:03,500
13/05/28-23:04,600
13/05/28-23:05,700
13/05/28-23:22,855
13/05/28-23:23,855
13/05/28-23:24,855
13/05/28-23:25,817
13/05/28-23:28,851
13/05/28-23:29,500
13/05/28-23:30,500
13/05/28-23:31,600
13/05/28-23:32,700
13/05/28-23:33,850
13/05/28-23:34,850
13/05/28-23:35,850
13/05/28-23:36,850
13/05/28-23:37,850
13/05/28-23:38,1000
13/05/28-22:59,200
13/05/28-23:01,300
13/05/28-23:02,400
13/05/28-23:03,500
13/05/28-23:04,600
13/05/28-23:05,700
13/05/28-23:22,855
13/05/28-23:23,855
13/05/28-23:24,855
13/05/28-23:25,817
13/05/28-23:28,851
13/05/28-23:29,500
13/05/28-23:30,500
13/05/28-23:31,600
13/05/28-23:32,700
13/05/28-23:33,850
13/05/28-23:34,850
13/05/28-23:35,850
13/05/28-23:36,850
13/05/28-23:37,850
13/05/28-23:38,1000
13/05/28-22:59,200
13/05/28-23:01,300
13/05/28-23:02,400
13/05/28-23:03,500
13/05/28-23:04,600
13/05/28-23:05,700
13/05/28-23:22,855
13/05/28-23:23,855
13/05/28-23:24,855
13/05/28-23:25,817
13/05/28-23:28,851
13/05/28-23:29,500
13/05/28-23:30,500
13/05/28-23:31,600
13/05/28-23:32,700
13/05/28-23:33,850
13/05/28-23:34,850
13/05/28-23:35,850
13/05/28-23:36,850
13/05/28-23:37,850
13/05/28-23:38,1000
13/05/28-22:59,200
13/05/28-23:01,300
13/05/28-23:02,400
13/05/28-23:03,500
13/05/28-23:04,600
13/05/28-23:05,700
13/05/28-23:22,855
13/05/28-23:23,855
13/05/28-23:24,855
13/05/28-23:25,817
13/05/28-23:28,851
13/05/28-23:29,500
13/05/28-23:30,500
13/05/28-23:31,600
13/05/28-23:32,700
13/05/28-23:33,850
13/05/28-23:34,850
13/05/28-23:35,850
13/05/28-23:36,850
13/05/28-23:37,850
13/05/28-23:38,1000
13/05/28-22:59,200
13/05/28-23:01,300
13/05/28-23:02,400
13/05/28-23:03,500
13/05/28-23:04,600
13/05/28-23:05,700
13/05/28-23:22,855
13/05/28-23:23,855
13/05/28-23:24,855
13/05/28-23:25,817
13/05/28-23:28,851
13/05/28-23:29,500
13/05/28-23:30,500
13/05/28-23:31,600
13/05/28-23:32,700
13/05/28-23:33,850
13/05/28-23:34,850
13/05/28-23:35,850
13/05/28-23:36,850
13/05/28-23:37,850
13/05/28-23:38,1000
13/05/28-22:59,200
13/05/28-23:01,300
13/05/28-23:02,400
13/05/28-23:03,500
13/05/28-23:04,600
13/05/28-23:05,700
13/05/28-23:22,855
13/05/28-23:23,855
13/05/28-23:24,855
13/05/28-23:25,817
13/05/28-23:28,851
13/05/28-23:29,500
13/05/28-23:30,500
13/05/28-23:31,600
13/05/28-23:32,700
13/05/28-23:33,850
13/05/28-23:34,850
13/05/28-23:35,850
13/05/28-23:36,850
13/05/28-23:37,850
13/05/28-23:38,1000
13/05/28-22:59,200
13/05/28-23:01,300
13/05/28-23:02,400
13/05/28-23:03,500
13/05/28-23:04,600
13/05/28-23:05,700
13/05/28-23:22,855
13/05/28-23:23,855
13/05/28-23:24,855
13/05/28-23:25,817
13/05/28-23:28,851
13/05/28-23:29,500
13/05/28-23:30,500
13/05/28-23:31,600
13/05/28-23:32,700
13/05/28-23:33,850
13/05/28-23:34,850
13/05/28-23:35,850
13/05/28-23:36,850
13/05/28-23:37,850
13/05/28-23:38,1000
13/05/28-22:59,200
13/05/28-23:01,300
13/05/28-23:02,400
13/05/28-23:03,500
13/05/28-23:04,600
13/05/28-23:05,700
13/05/28-23:22,855
13/05/28-23:23,855
13/05/28-23:24,855
13/05/28-23:25,817
13/05/28-23:28,851
13/05/28-23:29,500
13/05/28-23:30,500
13/05/28-23:31,600
13/05/28-23:32,700
13/05/28-23:33,850
13/05/28-23:34,850
13/05/28-23:35,850
13/05/28-23:36,850
13/05/28-23:37,850
13/05/28-23:38,1000
13/05/28-22:59,200
13/05/28-23:01,300
13/05/28-23:02,400
13/05/28-23:03,500
13/05/28-23:04,600
13/05/28-23:05,700
13/05/28-23:22,855
13/05/28-23:23,855
13/05/28-23:24,855
13/05/28-23:25,817
13/05/28-23:28,851
13/05/28-23:29,500
13/05/28-23:30,500
13/05/28-23:31,600
13/05/28-23:32,700
13/05/28-23:33,850
13/05/28-23:34,850
13/05/28-23:35,850
13/05/28-23:36,850
13/05/28-23:37,850
13/05/28-23:38,1000
13/05/28-22:59,200
13/05/28-23:01,300
13/05/28-23:02,400
13/05/28-23:03,500
13/05/28-23:04,600
13/05/28-23:05,700
13/05/28-23:22,855
13/05/28-23:23,855
13/05/28-23:24,855
13/05/28-23:25,817
13/05/28-23:28,851
13/05/28-23:29,500
13/05/28-23:30,500
13/05/28-23:31,600
13/05/28-23:32,700
13/05/28-23:33,850
13/05/28-23:34,850
13/05/28-23:35,850
13/05/28-23:36,850
13/05/28-23:37,850
13/05/28-23:38,1000
