u00xWFJzm7AxAXp,p00fdKWNj3X75jW
u00QrtvVHDmgYX2,p00jfpJH4HM6NQ8
u00aq3WtdQyYvnL,p00YL3JhNQTQK5r
u00TXrfbHHT3LFd,p00aCmv98zDbhNZ
u00dbF9ZRVbwjPF,p00MbcG4dcLHMZ8
u00yvYj6kVxrwfh,p002DRJpDaaLPzn
u0038hdYprdP2Xq,p009zG6yCpGZk42
u00DkaDf3RX96gK,p0053XPYy8qwBPJ
u00Jx5C2RC46gHX,p00acQ65k2TXh2a
u007nG2R4JXb7Vr,p00Nzam7Yr6aXYr
u00D45LCHtgVQH3,p00GzPCLMfw699x
u003dp8fH7Kka9a,p00v4MpB6kyhBfa
u00QtpjXzJDVTAc,p00k47d6y7TmDRd
u00VW9Yj49H8tqp,p00BzgdprBLVGbB
u0028jK9AYwkJVp,p00k3XFPf9RhWjr
u00ftHkjgMLpBtX,p00wJRb9p52Br5d
u004j7gd4WRb6hQ,p00fHtX6yLY9w2y
u00Z44yW92jYJ7h,p00Fcn9m2RWpndM
u00NjNgZPz7xqnC,p00k3GGfBKfcnMV
u00ygVMQJraGrPa,p00qKR6HFdmnqNm
u00A4mWQh2P8QxH,p00hGLk8GrLNark
u00Q4MpnGLB5qqa,p00cj28RLLWrFDY
u00XNAY94xyWxJr,p00nRh9maJ8Q4D6
u00x9zG6ZtTpTYf,p00WY374kXZ9MkD
u00dPvCDw3DC9r7,p00b9kG9LfFptkC
u002YzJXkL7H6Kb,p00xfCxQA6FcFvD
u00DV2RTwmNy3fw,p002pgMKKP3ktr5
u00Gp3cgXHVDm4f,p009h3JGpNnDYRX
u00Wh4xg5dTymc6,p00v9TFWZQ335rb
u00VNDjbvZQjC2M,p00tPjkC8tZgjnm
u00zvw5y7F2VWgV,p00pGkWgmqBNHMf
u00KNYJ4w6jvjLg,p004kVQfJcXGn4r
u00vVC8bVbLy7GM,p00d2nRjXB8NGvX
u00aZgb8xAF8CmX,p00wfm3VdQRqJjh
u00r22Ndf8XbjdP,p00RZvYcR8an5kZ
u00X85chRr45G7P,p006kBQDQZap4vD
u00rnPrWaGzJ2Yg,p00Y5xBcP2TT6vJ
u00XtNHm9j9d9BM,p00zv7x4gw4dJTD
u00k3JchXJyg6QJ,p009mKzH92PrQZd
u00qHQCvYAHmRXh,p00daAP6bKzZdVL
u00TAhmN6wRHQtk,p00zqY9rgPtqvdb
u00C3wC5T6jJfR2,p00VXrdhfD77Gvd
u00DtdYrPLtdfzd,p00XFyjkdNr96ar
u006jttL5nQY9KK,p00BG9LQ3LcZJRm
u00hTtYAHzThL3P,p00F8b8YL7JaB9R
u00rRdPXHVBrTAA,p00r3t8KXv25jM8
u00jbn36t5GCV3Y,p003y5G3N3Pgznp
u00mzap8pphNyzC,p00jbPL9M5DbaRr
u00jR8pL7RdjbQW,p00hcqMThG54M6z
u005hGfQVqQ5xp2,p00LQCTWp38Vm4j
u00L9VQCfbQbJbn,p00vHYwF56Qy59B
u00mDz2QdBvK8nw,p00M5nzP7vD7xqp
u00jgqW4fFra5gG,p00dLWyxNV5nGp9
u00Ag5PmkZMAgcH,p00GDcAr8cx2nM4
u00y4vckmyqy3Zf,p00pJ5DRKhd3N8d
u00ApRgh8hQzb7A,p00gyGBFGyNRmDy
u00kb6kT65jr73P,p00zNB6LLABjZPf
u007NkJGaGafXbW,p00Dr9RAT9GH5Z8
u00BwqLA4nbBK5t,p00AvnG9x49Ky9A
u00RndBcQ23txc3,p00fPDgFvdYRqdn
u007Zta2YqZN749,p006ATADqn7WdBN
u005pNr6pZ7TLY9,p00vC8YcwJpHzA8
u00DfNVkt7t2NZP,p008KkZwb2gXxyj
u00BAxdzvdc2RW2,p005XbBpCKwRnrY
u00FaxHdp6WJCG8,p00wQ62YVBGRPNh
u00mbxxCzTVzVxa,p00j6Wn93RzjThm
u00gdfxabP7MFaN,p00att8gWj46AHt
u00J9X4m2TYVvCX,p005PkDqwj54W9R
u00T2V6qZp2vpYK,p00XqGb9DAbRMCn
u00BP2jrmGJWQTD,p00M7PVfA6yzAkL
u00HTdcjDTCLdmx,p00nyfyN5DYnkL6
u00RfapJay7D2WH,p00ft8pwZ5Lvqgy
u00WvWTapArXaRx,p00Bd4qaKL6Pxxy
u00NAkpDTN7tzC8,p00hrWYrbQPdghy
u00v6ZV2YXJJxK5,p00AF7vJyXQ4ZPk
u00LpFxJDMPT7vC,p006VVrMg3VBkjq
u005YCjB7zMYZtx,p00cAWLHrGvP7GC
u00tvaq9Ldha62A,p003828Wfhx2bTF
u00rK6L8wQnmW7T,p00YYLrWWdTFwNa
u00MDhvWRCVL8W3,p00k2fKNxARAQbz
u00MdN2XHWAWBTQ,p00Q2AaHFykKZfB
u00xZ8mGYqzRh6h,p002cd7KXmp3VTB
u00pLG8GAzKxqar,p00qv2VqDJcgQLp
u00nB4T7CAXhyBT,p00jQXjqDWVGtKA
u00qhM5Fqc8cYnh,p00hzdzyMhm8NAY
u00NNMxamFcNknp,p00jQHpGcTvNWfX
u00bc2CTndQp3aH,p00jj5xTVrAP4YZ
u00pmcGf298gCqv,p00Mnk7vJXGn9hN
u00cdR3tRDW2BWM,p00qFVpnYjcVMaW
u00ypxc2tx2vtAp,p00L3jQxr2Zt5XF
u00TvgaJc8w99ZY,p007CdPXNp3kV46
u00DZXphLLpVQFw,p005frqAVBd2Z65
u00kFqjZr6wgLFv,p00V9LMRG2qdZfX
u00HZycgMp5PqcM,p00Mhd76M9CVGbk
u00n56JFt76TnGj,p00rRbw9FR4FjNy
u00qyzTn3dxYYmq,p00YbyKXKJQ8GZG
u00BGLNJdNQYC78,p00DqKxAPjJbVGB
u00MxB769YTWRhd,p0057ccvtnbLhmC
u00vwWFnGbaq3y9,p008AmzkWx5y8Qq
u00mHkvdfvQB7Mm,p00Yq9hBAXAwt4p
u00bCDxBqGGaqA8,p00vTHrCbVnQ3BC
u00V63dgg9L4GkQ,p00Mfy9gLWfzChG
u00Cy3zN2pqzxyX,p00WQrYXCzy74VR
u00KX639Haak4td,p00g2MD7RTbpxC3
u009qaQ4Zz5vxLj,p006QczDw9qmYyn
u00jTF9WH3cx8rp,p00cFZzkPgh4n82
u00pwGWabwLgkzX,p00kcdh9D43v67J
u00RjBZaryKgz4R,p00xyTGWK7vk3xp
u009pjGFXqrGWrY,p002K8BzzBAbFyy
u00gyBAjQ8cdaCZ,p00CBCxcqcGXVT7
u00cFx5NpCLwVMj,p007Yh2abJAGkBH
u008HbZpVbYT3hF,p00PGNZcRpH7C52
u004RJgMpmpJX7b,p00ZNaH3ZG7dzYP
u00r5TNZPtDrbgN,p00YAzbqfr3k2NW
u00Fx7HwpTqrLdY,p00VJtJt4xcTCTQ
u00dtmg27dvAqLV,p00DW6a4phk6Cav
u00DggGXp2hTCGV,p002pHFd5TDqL54
u00bdXnt9DYfLLA,p00QN9jnLFg8WAV
u00Qh4GMWtRMwTj,p00fcKm9LcgGa8D
u00NcmBD8Wxf8KC,p00aDjVKXh5rZNP
u007QqfWAxgvztt,p00z7FGdMH7ML5A
u00GZZ42RjRWxX4,p002npWXqzH4GQZ
u00vd4CFfhWhN4r,p00Tc74jAJfYMXp
u0044P2pfz5jRfx,p00D4M3dBVGQLY8
u00cxaQtVayNkWq,p00JYTQgRpqWmdf
u00tK8P2nHndZ4b,p00xzaJNnDV3PjG
u00tjby9ZAjQGFC,p006zynatzHNWR4
u00JqrRHNmYFC6b,p006ZtG3DdtJTfr
u00dGaLcVcPnHGB,p00CtbvxtyJDLaX
u00fCMNvtFgX3jT,p00Ycr7wd8MdzBf
u00HjCcHFFMqDgr,p00MycMJ98WXnZf
u00kpKztdX6cpwh,p00w2CJA3zQbbXj
u00XW66X6DBjNVd,p00jYgbqBjMzZDk
u00yndTdrwQ7kBv,p00vGxKp8WX7dYY
u00fVAQPLVwRXDd,p00yv8bD6Z8w5yG
u00P7AyLp9zrFj9,p003DXcTjdd5L65
u00kzmfcwNDM4k6,p00kH8GB45fnAWM
u00GBkffWtr5twK,p00KDCdr42NgCka
u00YmcX5rNVbZCF,p00fPhmYZaM2JTz
u00PvYaRrYfAWv3,p003Gz3MtdxLCPv
u00JL6wjRg7mQqk,p00HTYRyfxtdXwM
u00pz5CyvRHMPDf,p00fK7gW3YTdWLF
u00TMNYxVJ3b9KJ,p00zGLgZZknVPMA
u003Mnr5BWnRPAn,p00w8cyx25JN8mc
u00rbAzah7DbXwT,p00FPVRh7Y8YqAw
u00xYjAg89tY5Aw,p00y5Dn37LcCP2w
u00Y9DWNFvNRg2K,p00mBtcaFnBWJJb
u00qBg8NNgH9Agy,p00Hj6FDmxca3VB
u00k8p6DCD6qQQx,p00vdDWdL5vhhrc
u00kDnDRq6BnDaY,p00r3kYxLGN7g6t
u00W3DXpTamGtRh,p009fHFqFHfjChb
u00AwLggLTLWZZn,p00YM7gHPQQkk76
u00NQbPnDpqJKgJ,p00wATnBM9Q8wbp
u00kHVNFZMQmnwf,p007vZnLYM3xjJH
u00GK2mDHKBAj6d,p00bkzXY9K8pfxw
u00kv6Gzr995VAm,p00WnDp39JgMpVx
u00V7faD9yrDqzq,p0037TxypQyXgjc
u00xg5gLd3Py74T,p00rg4tTCxLFyrg
u00GXrXpcADBWbF,p00cyx2bm37zLaQ
u00wgMnP6LMhKdq,p00HD3aJ6zhyLRR
u00dyLXBhKjv5r9,p00VjNJDdgx7nMj
u00pDYpDYBMb54w,p00dAA95chhw2hb
u00wvdr8ZXaPk3P,p005dAZ5PQwFaNp
u00Tk47WfzXp7Fm,p00H93QGqxfj7d7
u00PMJrPwk3tDAC,p00f3hDCC4WrgyH
u00Mvt6wdqjMR87,p00bfCrXah4Z3X9
u00VAtgyK734pMx,p00k9ak9KYwPVpG
u00Y4WXnJyy6HvN,p008bttNvqGC6Qv
u006gKKdrMAgHAc,p00mTNfX27QDTMc
u00B3ZcVqj2nyLr,p00cf4gYfZpB34C
u00mG4XhyVBNbxB,p00CtH7FF2kzNCq
u00prh6Kq3DZFPY,p00Z3knmTAw3zaP
u00rb9yKMWXWxvn,p0087wgMq4BVAZN
u00VrDWGJYzJycL,p0068HGCnJtP8mK
u00ZZxVg6M3Y7XM,p00ANqF8b8QvPk6
u00Hzp7ghXBPXLw,p00nB9Rhk5xfdAb
u00KrTbcVcjbNyv,p00yyCj5bWhAVmK
u00VZcVNKqDPj92,p00AWAntt3gy9gR
u00R3VTTqxqTbbb,p00LKK9CAxq7d4g
u008WQwxVzNGY5V,p00Xa9g4NkGTGJA
u00jZMB6J5BrAcZ,p003kyn78MvRfaX
u00dXXDCGJKRtFf,p00YjhJ9AqQWdz2
u00rf5mNh7fYDaL,p00MvZPrRJHbngc
u008mDNXr62DW4w,p00rkbRjnQz3Z53
u00TDMbBWTPdvJ3,p00awFK8PzP4m9J
u00D2g3qVwRLN7y,p00LbpdPmnyTg3D
u00kgnNrBfkwazm,p00tPh3qXMXF8Fc
u00MQ7mgFYTvxDd,p00kNmcGpqKZc77
u006D8aqmgDPbwt,p00kL54TnqZCnzP
u00ZByLMT4R5bMW,p00bh7ZZNTkqJQV
u00DgMzGJdwTar2,p00qh96qZJGHTyJ
u00CdFcac3MKgpB,p00XvLpbApRV9xj
u0057htTgCcFvrh,p007jDzBMAjJdwG
u00XytXGn5jtngN,p00KLdHzkdKtQac
u00nLyzqYZZXQRq,p00x77DBtJ6hTVN
u00mcY6mxnL2GGz,p00wyWAb7TtQXna
u00QZh9xF5RyfvK,p00MqP79AKbZwXr
u00d4vdpLyzVbn3,p00HjjvxCpCyYy7
u00KJTZNB4VyPZA,p00ahgZPDcA4Pdg
u00abQQWLjK3Ywp,p00TGVAhZN8fqYf
u00QcLaf8zVPLwn,p00NjDmVvRmxzKw
u00NFrNNJKfG3py,p00MPtrjjCdPwWn
u00FCpPR5H3J3r3,p00j4zh5rHA3mjb
u00ZaKNXjgJnxNq,p00xD2L5mhvCMQR
u0034jMgMr4DD2G,p00DQB4zwZw6Qnq
u00kkQrb5BTHh5b,p00N4v35x7zCYR8
u00RY4LpDZrkVzP,p00n9Ppp5HA98ph
u00cV7tTPJAKY2W,p009pxM6bJBxmbR
u00q3qzJ53CFzRW,p00Fva3DNMFcDpj
u00PzXHpJXRLTyZ,p00PdL3tbF8GzMk
u00wP65BKbC82Tm,p00A6F44C5Ar7vX
u00w6WNxVkY5q2y,p00CT3rj8MLGARt
u00KLpmWr5ztAzc,p00FJ9BZay24waN
u00Y4Hmm7TThLCJ,p00666Hkf82mLQQ
u00GjCbf6QmnDnx,p009j4NNYAjAmJF
u00k9HWwvjq6thx,p00RkhTGn6xfvT8
u00b6Xm9xJr62PC,p00yhvRNHtxqvmW
u00NTRyXVvbhKLq,p00r9anwZQm57t2
u00cKfaHWRtVwGY,p00NyB9B3b58xJM
u00g9pBT9HyQatt,p00t6mMKAkTMnbN
u00tRMK8DzHaxpm,p00qfLqGF9ZrHjg
u00Vqdp8DcqJG3G,p008mBHRtkpVN4v
u00Cb7jT2AvKdVZ,p00j9ha3cqDjXvk
u00VNFcAq6Kk8R9,p00MvkFLRqAG9rT
u003hfDaP9dJYAg,p003kfb4n9RqDvH
u00q58BqYnd6K2h,p00w7g6kd64qDj7
u00QXNHWpMT6V8k,p00MYWK4D8aT3g3
u00GCw6ZvnjLZBh,p00G7Bh5KYaQ2KL
u00AxCK4pnmPmJg,p00xCZX8jQ9mf9h
u00MT4v9X28RyxT,p00Lb9vpMAkB7Nq
u00zAdY668cmFQ7,p006K7RrkR8MKY7
u00n429c8rh584p,p00PLjYwYLPhm4n
u00KXGz6YPJjLAR,p00Gw8MCHdLJBKj
u00bCqMzKcaRRx9,p009f5Y6Hq5W6BA
u00tGKdPJJ6mFFd,p00V4RWXTMnYkrR
u00tyPxXAnLbH8v,p00n4yFYPtnGB2m
u005M9MpGTnAPyh,p00b9p53AHg3Zp6
u00FARvJRy5VcyK,p007xr7Wr3nQNLG
u003bYXHr3fNz9R,p00Pr8gqbfgnJfZ
u00AKXgvhtLXTfJ,p00DVhhvcP8tyR5
u00txCD2NrZdRxt,p00B68P5yvN8GH9
u00WgzhyJ5ZMwvB,p004qdh5cJTMq6k
u00C3vhd9FWtXRa,p00qWadYF5yJ6pK
u00jzG6mHYngMKT,p008QknaAfDmF5R
u00rABtc2JJGHv4,p00BH5Q5rQjWL8Y
u00LkQBwxDRLBHM,p00GxABLPPPChPr
u00wzAkdFr7gX9X,p00RTa5RJ9JwaNW
u0082A7nyY3FTLg,p00fAGzBQ6ZBykT
u00jGwDJw5kwn5w,p00vJxFKdAanhQq
u00qyhKNfj6jACV,p00YMKJvkbxALN4
u00Tw9WDPRGQqxf,p00v8vDjg7n4JrZ
u00kWAXHzp8qDCp,p00FMy9pA2ra8t7
u00f4KjPfm3Qvxb,p00x6m7bRpq4qC2
u00rQXQXMAhCKta,p00c5m6KvP7tRxJ
u00Q4DK84zhY9Ka,p00q7qFWbBhgyZQ
u00m9Xb4QGh62px,p00KCMXdVLNh26n
u00HBXW4gnRWbHX,p00JtyQzR2aZMZ9
u00GcqCdgRMqtwR,p00FhTLQxwcWnfW
u00KLyH2khbkcJ5,p00PcdrajbanfLG
u009R3vkVDKXFAC,p00j3RTyRy9WDpA
u006PGqpa4DR8Rd,p007PgjkRxPBrvd
u00Fmqfd4ZpTGTQ,p00m4rmPavhc6tn
u00bGcq2p6KvMdJ,p00hHzdDWhbQDmF
u00YB3HrZFPTRDf,p00mbKTrmY54a9Y
u00nNyax4FRtmhd,p008A394nLpjhzA
u00XQRRnx3h5jQJ,p00vrB2wTGGdhW5
u00zq7x6TxTtW7p,p00FhHHZAdf2CKP
u00QRfBKdFkPXTx,p00mqcZaMzpT2MA
u00jZqF9MPc3ztX,p00atRv6k9VcyMv
u002DG9GxKN9Ftx,p00QcRqAxqQxvnk
u00NGXPADQkv5zn,p00P9m6nNKBkAjx
u0058m3mmnCHqxF,p00MfFLRBYxvch2
u00Gg4Pj4D9Mmbc,p002BTcqTXcaMTc
u006MV7TLxqNNzR,p00GLJy7XbPzXfT
u00PAVdQ8BX3fqY,p00fG7WAt8wgzZH
u00BfNdK37qpP94,p00y6QdvZKYGA9V
u00wRdhGrqqzvFm,p00Q6Zvwt44n3ML
u00GFtP8DJXyb58,p00hWrwQtfCdBpB
u006dC8LNG6dfbw,p006tKkGrXhMcVw
u00Xq2VLHANa3L2,p00q6G2rFw288Th
u00rz5r7JLhByat,p00cHwfLYJY7at3
u007AXWxLmdm6Gg,p00nhBCnjXArvf9
u00NKgmjm3cm83T,p00xA6BhMZA83P8
u00NWPW6cDpNpGq,p00PaWhaTmpYYV7
u00h4jcfCdfhdRp,p00PtDmtYaLY4vK
u00am22pVdwjCA4,p004r8ZYx7jXFQ8
u00R4mHRcnH37bT,p00gAzXgPkyYJna
u00pFk4G9HW83Bv,p002XVq3MGHWtnc
u00FrqCA9PCJBZG,p00bYZvqcDPy22h
u00b4yJhgKQ6yGj,p00Hr6Pcyb8AmXr
u00X5G4Ahkhyr7r,p00pb4T5wF6nwgg
u00d9X2qTvjxpAf,p00cagg7VAKDFNQ
u00Xr2738P8NcCb,p009k6m652mZyKf
u00QTB7WFPtgL37,p00bGQHyVd488F9
u00LvRYbXZ9mDkX,p004PbmqrWHw3Fx
u00JDdG6Cwb33FW,p00Jchq2Pcz2XHG
u008HaGtrYJCcv2,p00kFZTKtnTJn7K
u00g7cPRA4nhv3a,p00QdZCMJ8DVT2k
u00WPh75ZJf3HB6,p00DqbD72cZgC9J
u0032kpwC45PR4c,p00xCLX27J74GLL
